Compiling the C compiler identification source file "CMakeCCompilerId.c" failed.
Compiler: cl 
Build flags: 
Id flags: 

The output was:
系统找不到指定的文件。


Compiling the C compiler identification source file "CMakeCCompilerId.c" failed.
Compiler: cl 
Build flags: 
Id flags: -c

The output was:
系统找不到指定的文件。


Compiling the C compiler identification source file "CMakeCCompilerId.c" failed.
Compiler: cl 
Build flags: 
Id flags: -Aa

The output was:
系统找不到指定的文件。


Compiling the CXX compiler identification source file "CMakeCXXCompilerId.cpp" failed.
Compiler: cl 
Build flags: 
Id flags: 

The output was:
系统找不到指定的文件。


Compiling the CXX compiler identification source file "CMakeCXXCompilerId.cpp" failed.
Compiler: cl 
Build flags: 
Id flags: -c

The output was:
系统找不到指定的文件。


Determining if the C compiler works failed with the following output:


